Build started 12/11/2015 00:13:05.
     1>Project "C:\Users\Lukas\Documents\Visual Studio 2013\Projects\Phoenix2.0\Phoenix2.0\Phoenix2.0\Phoenix2.0\Template\Template.vcxproj" on node 2 (Build target(s)).
     1>C:\Program Files (x86)\MSBuild\Microsoft.Cpp\v4.0\V120\Microsoft.CppBuild.targets(388,5): warning MSB8028: The intermediate directory (Debug\) contains files shared from another project (Template.vcxproj).  This can lead to incorrect clean and rebuild behavior.
     1>ClCompile:
         C:\Program Files (x86)\Microsoft Visual Studio 12.0\VC\bin\CL.exe /c /ZI /nologo /W3 /WX- /sdl /Od /Oy- /D _MBCS /Gm /EHsc /RTC1 /MDd /GS /fp:precise /Zc:wchar_t /Zc:forScope /Fo"Debug\\" /Fd"Debug\vc120.pdb" /Gd /TP /analyze- /errorReport:prompt Source.cpp Tiros.cpp
         Source.cpp
     1>c:\users\lukas\documents\visual studio 2013\projects\phoenix2.0\phoenix2.0\phoenix2.0\phoenix2.0\template\sdlgame.h(249): warning C4244: 'initializing' : conversion from 'double' to 'int', possible loss of data
     1>c:\users\lukas\documents\visual studio 2013\projects\phoenix2.0\phoenix2.0\phoenix2.0\phoenix2.0\template\source.cpp(19): warning C4244: 'argument' : conversion from 'time_t' to 'unsigned int', possible loss of data
         Generating Code...
         Skipping... (no relevant changes detected)
         Tiros.cpp
       Link:
         C:\Program Files (x86)\Microsoft Visual Studio 12.0\VC\bin\link.exe /ERRORREPORT:PROMPT /OUT:"C:\Users\Lukas\Documents\Visual Studio 2013\Projects\Phoenix2.0\Phoenix2.0\Phoenix2.0\Phoenix2.0\Debug\Phoenix2.0.exe" /INCREMENTAL /NOLOGO SDL2.lib SDL2main.lib SDL2_image.lib kernel32.lib user32.lib gdi32.lib winspool.lib comdlg32.lib advapi32.lib shell32.lib ole32.lib oleaut32.lib uuid.lib odbc32.lib odbccp32.lib /MANIFEST /MANIFESTUAC:"level='asInvoker' uiAccess='false'" /manifest:embed /DEBUG /PDB:"C:\Users\Lukas\Documents\Visual Studio 2013\Projects\Phoenix2.0\Phoenix2.0\Phoenix2.0\Phoenix2.0\Debug\Phoenix2.0.pdb" /SUBSYSTEM:CONSOLE /TLBID:1 /DYNAMICBASE /NXCOMPAT /IMPLIB:"C:\Users\Lukas\Documents\Visual Studio 2013\Projects\Phoenix2.0\Phoenix2.0\Phoenix2.0\Phoenix2.0\Debug\Phoenix2.0.lib" /MACHINE:X86 Debug\Inimigo.obj
         Debug\Nave.obj
         Debug\Source.obj
         Debug\Tiros.obj
         Template.vcxproj -> C:\Users\Lukas\Documents\Visual Studio 2013\Projects\Phoenix2.0\Phoenix2.0\Phoenix2.0\Phoenix2.0\Debug\Phoenix2.0.exe
     1>Done Building Project "C:\Users\Lukas\Documents\Visual Studio 2013\Projects\Phoenix2.0\Phoenix2.0\Phoenix2.0\Phoenix2.0\Template\Template.vcxproj" (Build target(s)).

Build succeeded.

Time Elapsed 00:00:00.81
